[debug] [2026-01-24T15:48:46.950Z] > command requires scopes: ["email","openid","https://www.googleapis.com/auth/cloudplatformprojects.readonly","https://www.googleapis.com/auth/firebase","https://www.googleapis.com/auth/cloud-platform"]
[debug] [2026-01-24T15:48:46.951Z] > authorizing via signed-in user (coenhallie@gmail.com)
[debug] [2026-01-24T15:48:46.952Z] Checked if tokens are valid: false, expires at: 1769022467605
[debug] [2026-01-24T15:48:46.952Z] Checked if tokens are valid: false, expires at: 1769022467605
[debug] [2026-01-24T15:48:46.952Z] > refreshing access token with scopes: []
[debug] [2026-01-24T15:48:46.955Z] >>> [apiv2][query] POST https://www.googleapis.com/oauth2/v3/token [none]
[debug] [2026-01-24T15:48:46.955Z] >>> [apiv2][body] POST https://www.googleapis.com/oauth2/v3/token [omitted]
[debug] [2026-01-24T15:48:46.963Z] > command requires scopes: ["email","openid","https://www.googleapis.com/auth/cloudplatformprojects.readonly","https://www.googleapis.com/auth/firebase","https://www.googleapis.com/auth/cloud-platform"]
[debug] [2026-01-24T15:48:46.963Z] > authorizing via signed-in user (coenhallie@gmail.com)
[debug] [2026-01-24T15:48:46.963Z] Checked if tokens are valid: false, expires at: 1769022467605
[debug] [2026-01-24T15:48:46.964Z] Checked if tokens are valid: false, expires at: 1769022467605
[debug] [2026-01-24T15:48:46.964Z] > refreshing access token with scopes: []
[debug] [2026-01-24T15:48:46.964Z] >>> [apiv2][query] POST https://www.googleapis.com/oauth2/v3/token [none]
[debug] [2026-01-24T15:48:46.964Z] >>> [apiv2][body] POST https://www.googleapis.com/oauth2/v3/token [omitted]
[debug] [2026-01-24T15:48:47.150Z] <<< [apiv2][status] POST https://www.googleapis.com/oauth2/v3/token 200
[debug] [2026-01-24T15:48:47.151Z] <<< [apiv2][body] POST https://www.googleapis.com/oauth2/v3/token [omitted]
[debug] [2026-01-24T15:48:47.164Z] >>> [apiv2][query] GET https://cloudbilling.googleapis.com/v1/projects/workapp-76f52/billingInfo [none]
[debug] [2026-01-24T15:48:47.166Z] <<< [apiv2][status] POST https://www.googleapis.com/oauth2/v3/token 200
[debug] [2026-01-24T15:48:47.166Z] <<< [apiv2][body] POST https://www.googleapis.com/oauth2/v3/token [omitted]
[debug] [2026-01-24T15:48:47.174Z] >>> [apiv2][query] GET https://cloudbilling.googleapis.com/v1/projects/workapp-76f52/billingInfo [none]
[debug] [2026-01-24T15:48:51.011Z] <<< [apiv2][status] GET https://cloudbilling.googleapis.com/v1/projects/workapp-76f52/billingInfo 200
[debug] [2026-01-24T15:48:51.011Z] <<< [apiv2][body] GET https://cloudbilling.googleapis.com/v1/projects/workapp-76f52/billingInfo {"name":"projects/workapp-76f52/billingInfo","projectId":"workapp-76f52","billingAccountName":"","billingEnabled":false}
[debug] [2026-01-24T15:48:51.014Z] Checked if tokens are valid: true, expires at: 1769273326166
[debug] [2026-01-24T15:48:51.014Z] Checked if tokens are valid: true, expires at: 1769273326166
[debug] [2026-01-24T15:48:51.019Z] Checked if tokens are valid: true, expires at: 1769273326166
[debug] [2026-01-24T15:48:51.019Z] Checked if tokens are valid: true, expires at: 1769273326166
[debug] [2026-01-24T15:48:51.019Z] Checked if tokens are valid: true, expires at: 1769273326166
[debug] [2026-01-24T15:48:51.019Z] Checked if tokens are valid: true, expires at: 1769273326166
[debug] [2026-01-24T15:48:51.019Z] >>> [apiv2][query] GET https://serviceusage.googleapis.com/v1/projects/workapp-76f52/services/firebasedataconnect.googleapis.com [none]
[debug] [2026-01-24T15:48:51.019Z] >>> [apiv2][(partial)header] GET https://serviceusage.googleapis.com/v1/projects/workapp-76f52/services/firebasedataconnect.googleapis.com x-goog-quota-user=projects/workapp-76f52
[debug] [2026-01-24T15:48:51.019Z] >>> [apiv2][query] GET https://serviceusage.googleapis.com/v1/projects/workapp-76f52/services/firebaseapphosting.googleapis.com [none]
[debug] [2026-01-24T15:48:51.019Z] >>> [apiv2][(partial)header] GET https://serviceusage.googleapis.com/v1/projects/workapp-76f52/services/firebaseapphosting.googleapis.com x-goog-quota-user=projects/workapp-76f52
[debug] [2026-01-24T15:48:51.020Z] >>> [apiv2][query] GET https://serviceusage.googleapis.com/v1/projects/workapp-76f52/services/firebaseio.com [none]
[debug] [2026-01-24T15:48:51.020Z] >>> [apiv2][(partial)header] GET https://serviceusage.googleapis.com/v1/projects/workapp-76f52/services/firebaseio.com x-goog-quota-user=projects/workapp-76f52
[debug] [2026-01-24T15:48:51.635Z] <<< [apiv2][status] GET https://cloudbilling.googleapis.com/v1/projects/workapp-76f52/billingInfo 200
[debug] [2026-01-24T15:48:51.635Z] <<< [apiv2][body] GET https://cloudbilling.googleapis.com/v1/projects/workapp-76f52/billingInfo {"name":"projects/workapp-76f52/billingInfo","projectId":"workapp-76f52","billingAccountName":"","billingEnabled":false}
[debug] [2026-01-24T15:48:51.635Z] Checked if tokens are valid: true, expires at: 1769273326166
[debug] [2026-01-24T15:48:51.635Z] Checked if tokens are valid: true, expires at: 1769273326166
[debug] [2026-01-24T15:48:51.637Z] Checked if tokens are valid: true, expires at: 1769273326166
[debug] [2026-01-24T15:48:51.637Z] Checked if tokens are valid: true, expires at: 1769273326166
[debug] [2026-01-24T15:48:51.637Z] Checked if tokens are valid: true, expires at: 1769273326166
[debug] [2026-01-24T15:48:51.637Z] Checked if tokens are valid: true, expires at: 1769273326166
[debug] [2026-01-24T15:48:51.637Z] >>> [apiv2][query] GET https://serviceusage.googleapis.com/v1/projects/workapp-76f52/services/firebasedataconnect.googleapis.com [none]
[debug] [2026-01-24T15:48:51.637Z] >>> [apiv2][(partial)header] GET https://serviceusage.googleapis.com/v1/projects/workapp-76f52/services/firebasedataconnect.googleapis.com x-goog-quota-user=projects/workapp-76f52
[debug] [2026-01-24T15:48:51.637Z] >>> [apiv2][query] GET https://serviceusage.googleapis.com/v1/projects/workapp-76f52/services/firebaseapphosting.googleapis.com [none]
[debug] [2026-01-24T15:48:51.638Z] >>> [apiv2][(partial)header] GET https://serviceusage.googleapis.com/v1/projects/workapp-76f52/services/firebaseapphosting.googleapis.com x-goog-quota-user=projects/workapp-76f52
[debug] [2026-01-24T15:48:51.639Z] >>> [apiv2][query] GET https://serviceusage.googleapis.com/v1/projects/workapp-76f52/services/firebaseio.com [none]
[debug] [2026-01-24T15:48:51.639Z] >>> [apiv2][(partial)header] GET https://serviceusage.googleapis.com/v1/projects/workapp-76f52/services/firebaseio.com x-goog-quota-user=projects/workapp-76f52
[debug] [2026-01-24T15:48:51.719Z] <<< [apiv2][status] GET https://serviceusage.googleapis.com/v1/projects/workapp-76f52/services/firebaseio.com 403
[debug] [2026-01-24T15:48:51.719Z] <<< [apiv2][body] GET https://serviceusage.googleapis.com/v1/projects/workapp-76f52/services/firebaseio.com [omitted]
[debug] [2026-01-24T15:48:51.825Z] <<< [apiv2][status] GET https://serviceusage.googleapis.com/v1/projects/workapp-76f52/services/firebasedataconnect.googleapis.com 200
[debug] [2026-01-24T15:48:51.825Z] <<< [apiv2][body] GET https://serviceusage.googleapis.com/v1/projects/workapp-76f52/services/firebasedataconnect.googleapis.com [omitted]
[debug] [2026-01-24T15:48:51.826Z] <<< [apiv2][status] GET https://serviceusage.googleapis.com/v1/projects/workapp-76f52/services/firebaseapphosting.googleapis.com 200
[debug] [2026-01-24T15:48:51.826Z] <<< [apiv2][body] GET https://serviceusage.googleapis.com/v1/projects/workapp-76f52/services/firebaseapphosting.googleapis.com [omitted]
[debug] [2026-01-24T15:48:52.332Z] <<< [apiv2][status] GET https://serviceusage.googleapis.com/v1/projects/workapp-76f52/services/firebaseio.com 403
[debug] [2026-01-24T15:48:52.332Z] <<< [apiv2][body] GET https://serviceusage.googleapis.com/v1/projects/workapp-76f52/services/firebaseio.com [omitted]
[debug] [2026-01-24T15:48:52.555Z] <<< [apiv2][status] GET https://serviceusage.googleapis.com/v1/projects/workapp-76f52/services/firebasedataconnect.googleapis.com 200
[debug] [2026-01-24T15:48:52.556Z] <<< [apiv2][body] GET https://serviceusage.googleapis.com/v1/projects/workapp-76f52/services/firebasedataconnect.googleapis.com [omitted]
[debug] [2026-01-24T15:48:52.557Z] <<< [apiv2][status] GET https://serviceusage.googleapis.com/v1/projects/workapp-76f52/services/firebaseapphosting.googleapis.com 200
[debug] [2026-01-24T15:48:52.557Z] <<< [apiv2][body] GET https://serviceusage.googleapis.com/v1/projects/workapp-76f52/services/firebaseapphosting.googleapis.com [omitted]
[debug] [2026-01-24T15:48:52.559Z] > command requires scopes: ["email","openid","https://www.googleapis.com/auth/cloudplatformprojects.readonly","https://www.googleapis.com/auth/firebase","https://www.googleapis.com/auth/cloud-platform"]
[debug] [2026-01-24T15:48:52.559Z] > authorizing via signed-in user (coenhallie@gmail.com)
[debug] [2026-01-24T15:48:52.559Z] Checked if tokens are valid: true, expires at: 1769273326166
[debug] [2026-01-24T15:48:52.559Z] Checked if tokens are valid: true, expires at: 1769273326166
[debug] [2026-01-24T15:48:52.560Z] >>> [apiv2][query] GET https://cloudbilling.googleapis.com/v1/projects/workapp-76f52/billingInfo [none]
[debug] [2026-01-24T15:48:52.828Z] <<< [apiv2][status] GET https://cloudbilling.googleapis.com/v1/projects/workapp-76f52/billingInfo 200
[debug] [2026-01-24T15:48:52.829Z] <<< [apiv2][body] GET https://cloudbilling.googleapis.com/v1/projects/workapp-76f52/billingInfo {"name":"projects/workapp-76f52/billingInfo","projectId":"workapp-76f52","billingAccountName":"","billingEnabled":false}
[debug] [2026-01-24T15:48:52.831Z] > command requires scopes: ["email","openid","https://www.googleapis.com/auth/cloudplatformprojects.readonly","https://www.googleapis.com/auth/firebase","https://www.googleapis.com/auth/cloud-platform"]
[debug] [2026-01-24T15:48:52.831Z] > authorizing via signed-in user (coenhallie@gmail.com)
[debug] [2026-01-24T15:49:17.018Z] > command requires scopes: ["email","openid","https://www.googleapis.com/auth/cloudplatformprojects.readonly","https://www.googleapis.com/auth/firebase","https://www.googleapis.com/auth/cloud-platform"]
[debug] [2026-01-24T15:49:17.019Z] > authorizing via signed-in user (coenhallie@gmail.com)
[debug] [2026-01-24T15:49:17.020Z] Checked if tokens are valid: true, expires at: 1769273326166
[debug] [2026-01-24T15:49:17.020Z] Checked if tokens are valid: true, expires at: 1769273326166
[debug] [2026-01-24T15:49:17.020Z] > command requires scopes: ["email","openid","https://www.googleapis.com/auth/cloudplatformprojects.readonly","https://www.googleapis.com/auth/firebase","https://www.googleapis.com/auth/cloud-platform"]
[debug] [2026-01-24T15:49:17.020Z] > authorizing via signed-in user (coenhallie@gmail.com)
[debug] [2026-01-24T15:49:17.020Z] Checked if tokens are valid: true, expires at: 1769273326166
[debug] [2026-01-24T15:49:17.020Z] Checked if tokens are valid: true, expires at: 1769273326166
[debug] [2026-01-24T15:49:17.023Z] >>> [apiv2][query] GET https://cloudbilling.googleapis.com/v1/projects/workapp-76f52/billingInfo [none]
[debug] [2026-01-24T15:49:17.031Z] >>> [apiv2][query] GET https://cloudbilling.googleapis.com/v1/projects/workapp-76f52/billingInfo [none]
[debug] [2026-01-24T15:49:17.680Z] <<< [apiv2][status] GET https://cloudbilling.googleapis.com/v1/projects/workapp-76f52/billingInfo 200
[debug] [2026-01-24T15:49:17.680Z] <<< [apiv2][body] GET https://cloudbilling.googleapis.com/v1/projects/workapp-76f52/billingInfo {"name":"projects/workapp-76f52/billingInfo","projectId":"workapp-76f52","billingAccountName":"","billingEnabled":false}
[debug] [2026-01-24T15:49:17.685Z] Checked if tokens are valid: true, expires at: 1769273326166
[debug] [2026-01-24T15:49:17.685Z] Checked if tokens are valid: true, expires at: 1769273326166
[debug] [2026-01-24T15:49:17.693Z] Checked if tokens are valid: true, expires at: 1769273326166
[debug] [2026-01-24T15:49:17.693Z] Checked if tokens are valid: true, expires at: 1769273326166
[debug] [2026-01-24T15:49:17.693Z] Checked if tokens are valid: true, expires at: 1769273326166
[debug] [2026-01-24T15:49:17.693Z] Checked if tokens are valid: true, expires at: 1769273326166
[debug] [2026-01-24T15:49:17.693Z] >>> [apiv2][query] GET https://serviceusage.googleapis.com/v1/projects/workapp-76f52/services/firebasedataconnect.googleapis.com [none]
[debug] [2026-01-24T15:49:17.693Z] >>> [apiv2][(partial)header] GET https://serviceusage.googleapis.com/v1/projects/workapp-76f52/services/firebasedataconnect.googleapis.com x-goog-quota-user=projects/workapp-76f52
[debug] [2026-01-24T15:49:17.694Z] >>> [apiv2][query] GET https://serviceusage.googleapis.com/v1/projects/workapp-76f52/services/firebaseapphosting.googleapis.com [none]
[debug] [2026-01-24T15:49:17.694Z] >>> [apiv2][(partial)header] GET https://serviceusage.googleapis.com/v1/projects/workapp-76f52/services/firebaseapphosting.googleapis.com x-goog-quota-user=projects/workapp-76f52
[debug] [2026-01-24T15:49:17.695Z] >>> [apiv2][query] GET https://serviceusage.googleapis.com/v1/projects/workapp-76f52/services/firebaseio.com [none]
[debug] [2026-01-24T15:49:17.695Z] >>> [apiv2][(partial)header] GET https://serviceusage.googleapis.com/v1/projects/workapp-76f52/services/firebaseio.com x-goog-quota-user=projects/workapp-76f52
[debug] [2026-01-24T15:49:17.706Z] <<< [apiv2][status] GET https://cloudbilling.googleapis.com/v1/projects/workapp-76f52/billingInfo 200
[debug] [2026-01-24T15:49:17.706Z] <<< [apiv2][body] GET https://cloudbilling.googleapis.com/v1/projects/workapp-76f52/billingInfo {"name":"projects/workapp-76f52/billingInfo","projectId":"workapp-76f52","billingAccountName":"","billingEnabled":false}
[debug] [2026-01-24T15:49:17.706Z] Checked if tokens are valid: true, expires at: 1769273326166
[debug] [2026-01-24T15:49:17.706Z] Checked if tokens are valid: true, expires at: 1769273326166
[debug] [2026-01-24T15:49:17.708Z] Checked if tokens are valid: true, expires at: 1769273326166
[debug] [2026-01-24T15:49:17.708Z] Checked if tokens are valid: true, expires at: 1769273326166
[debug] [2026-01-24T15:49:17.708Z] Checked if tokens are valid: true, expires at: 1769273326166
[debug] [2026-01-24T15:49:17.708Z] Checked if tokens are valid: true, expires at: 1769273326166
[debug] [2026-01-24T15:49:17.708Z] >>> [apiv2][query] GET https://serviceusage.googleapis.com/v1/projects/workapp-76f52/services/firebasedataconnect.googleapis.com [none]
[debug] [2026-01-24T15:49:17.708Z] >>> [apiv2][(partial)header] GET https://serviceusage.googleapis.com/v1/projects/workapp-76f52/services/firebasedataconnect.googleapis.com x-goog-quota-user=projects/workapp-76f52
[debug] [2026-01-24T15:49:17.709Z] >>> [apiv2][query] GET https://serviceusage.googleapis.com/v1/projects/workapp-76f52/services/firebaseapphosting.googleapis.com [none]
[debug] [2026-01-24T15:49:17.709Z] >>> [apiv2][(partial)header] GET https://serviceusage.googleapis.com/v1/projects/workapp-76f52/services/firebaseapphosting.googleapis.com x-goog-quota-user=projects/workapp-76f52
[debug] [2026-01-24T15:49:17.710Z] >>> [apiv2][query] GET https://serviceusage.googleapis.com/v1/projects/workapp-76f52/services/firebaseio.com [none]
[debug] [2026-01-24T15:49:17.710Z] >>> [apiv2][(partial)header] GET https://serviceusage.googleapis.com/v1/projects/workapp-76f52/services/firebaseio.com x-goog-quota-user=projects/workapp-76f52
[debug] [2026-01-24T15:49:18.399Z] <<< [apiv2][status] GET https://serviceusage.googleapis.com/v1/projects/workapp-76f52/services/firebaseio.com 403
[debug] [2026-01-24T15:49:18.399Z] <<< [apiv2][body] GET https://serviceusage.googleapis.com/v1/projects/workapp-76f52/services/firebaseio.com [omitted]
[debug] [2026-01-24T15:49:18.409Z] <<< [apiv2][status] GET https://serviceusage.googleapis.com/v1/projects/workapp-76f52/services/firebaseio.com 403
[debug] [2026-01-24T15:49:18.409Z] <<< [apiv2][body] GET https://serviceusage.googleapis.com/v1/projects/workapp-76f52/services/firebaseio.com [omitted]
[debug] [2026-01-24T15:49:18.486Z] <<< [apiv2][status] GET https://serviceusage.googleapis.com/v1/projects/workapp-76f52/services/firebasedataconnect.googleapis.com 200
[debug] [2026-01-24T15:49:18.486Z] <<< [apiv2][body] GET https://serviceusage.googleapis.com/v1/projects/workapp-76f52/services/firebasedataconnect.googleapis.com [omitted]
[debug] [2026-01-24T15:49:18.487Z] <<< [apiv2][status] GET https://serviceusage.googleapis.com/v1/projects/workapp-76f52/services/firebaseapphosting.googleapis.com 200
[debug] [2026-01-24T15:49:18.487Z] <<< [apiv2][body] GET https://serviceusage.googleapis.com/v1/projects/workapp-76f52/services/firebaseapphosting.googleapis.com [omitted]
[debug] [2026-01-24T15:49:18.488Z] <<< [apiv2][status] GET https://serviceusage.googleapis.com/v1/projects/workapp-76f52/services/firebasedataconnect.googleapis.com 200
[debug] [2026-01-24T15:49:18.488Z] <<< [apiv2][body] GET https://serviceusage.googleapis.com/v1/projects/workapp-76f52/services/firebasedataconnect.googleapis.com [omitted]
[debug] [2026-01-24T15:49:18.491Z] <<< [apiv2][status] GET https://serviceusage.googleapis.com/v1/projects/workapp-76f52/services/firebaseapphosting.googleapis.com 200
[debug] [2026-01-24T15:49:18.491Z] <<< [apiv2][body] GET https://serviceusage.googleapis.com/v1/projects/workapp-76f52/services/firebaseapphosting.googleapis.com [omitted]
[debug] [2026-01-24T15:49:18.493Z] > command requires scopes: ["email","openid","https://www.googleapis.com/auth/cloudplatformprojects.readonly","https://www.googleapis.com/auth/firebase","https://www.googleapis.com/auth/cloud-platform"]
[debug] [2026-01-24T15:49:18.494Z] > authorizing via signed-in user (coenhallie@gmail.com)
[debug] [2026-01-24T15:49:18.494Z] Checked if tokens are valid: true, expires at: 1769273326166
[debug] [2026-01-24T15:49:18.494Z] Checked if tokens are valid: true, expires at: 1769273326166
[debug] [2026-01-24T15:49:18.494Z] >>> [apiv2][query] GET https://cloudbilling.googleapis.com/v1/projects/workapp-76f52/billingInfo [none]
[debug] [2026-01-24T15:49:18.669Z] <<< [apiv2][status] GET https://cloudbilling.googleapis.com/v1/projects/workapp-76f52/billingInfo 200
[debug] [2026-01-24T15:49:18.669Z] <<< [apiv2][body] GET https://cloudbilling.googleapis.com/v1/projects/workapp-76f52/billingInfo {"name":"projects/workapp-76f52/billingInfo","projectId":"workapp-76f52","billingAccountName":"","billingEnabled":false}
[debug] [2026-01-24T15:49:18.671Z] > command requires scopes: ["email","openid","https://www.googleapis.com/auth/cloudplatformprojects.readonly","https://www.googleapis.com/auth/firebase","https://www.googleapis.com/auth/cloud-platform"]
[debug] [2026-01-24T15:49:18.672Z] > authorizing via signed-in user (coenhallie@gmail.com)
[debug] [2026-01-26T10:56:10.755Z] > command requires scopes: ["email","openid","https://www.googleapis.com/auth/cloudplatformprojects.readonly","https://www.googleapis.com/auth/firebase","https://www.googleapis.com/auth/cloud-platform"]
[debug] [2026-01-26T10:56:10.756Z] > authorizing via signed-in user (coenhallie@gmail.com)
[debug] [2026-01-26T10:56:10.757Z] Checked if tokens are valid: false, expires at: 1769273326166
[debug] [2026-01-26T10:56:10.757Z] Checked if tokens are valid: false, expires at: 1769273326166
[debug] [2026-01-26T10:56:10.757Z] > refreshing access token with scopes: []
[debug] [2026-01-26T10:56:10.760Z] >>> [apiv2][query] POST https://www.googleapis.com/oauth2/v3/token [none]
[debug] [2026-01-26T10:56:10.760Z] >>> [apiv2][body] POST https://www.googleapis.com/oauth2/v3/token [omitted]
[debug] [2026-01-26T10:56:10.768Z] > command requires scopes: ["email","openid","https://www.googleapis.com/auth/cloudplatformprojects.readonly","https://www.googleapis.com/auth/firebase","https://www.googleapis.com/auth/cloud-platform"]
[debug] [2026-01-26T10:56:10.769Z] > authorizing via signed-in user (coenhallie@gmail.com)
[debug] [2026-01-26T10:56:10.769Z] Checked if tokens are valid: false, expires at: 1769273326166
[debug] [2026-01-26T10:56:10.769Z] Checked if tokens are valid: false, expires at: 1769273326166
[debug] [2026-01-26T10:56:10.769Z] > refreshing access token with scopes: []
[debug] [2026-01-26T10:56:10.769Z] >>> [apiv2][query] POST https://www.googleapis.com/oauth2/v3/token [none]
[debug] [2026-01-26T10:56:10.769Z] >>> [apiv2][body] POST https://www.googleapis.com/oauth2/v3/token [omitted]
[debug] [2026-01-26T10:56:10.862Z] <<< [apiv2][status] POST https://www.googleapis.com/oauth2/v3/token 200
[debug] [2026-01-26T10:56:10.862Z] <<< [apiv2][body] POST https://www.googleapis.com/oauth2/v3/token [omitted]
[debug] [2026-01-26T10:56:10.877Z] >>> [apiv2][query] GET https://cloudbilling.googleapis.com/v1/projects/workapp-76f52/billingInfo [none]
[debug] [2026-01-26T10:56:10.879Z] <<< [apiv2][status] POST https://www.googleapis.com/oauth2/v3/token 200
[debug] [2026-01-26T10:56:10.879Z] <<< [apiv2][body] POST https://www.googleapis.com/oauth2/v3/token [omitted]
[debug] [2026-01-26T10:56:10.888Z] >>> [apiv2][query] GET https://cloudbilling.googleapis.com/v1/projects/workapp-76f52/billingInfo [none]
[debug] [2026-01-26T10:56:11.612Z] <<< [apiv2][status] GET https://cloudbilling.googleapis.com/v1/projects/workapp-76f52/billingInfo 200
[debug] [2026-01-26T10:56:11.612Z] <<< [apiv2][body] GET https://cloudbilling.googleapis.com/v1/projects/workapp-76f52/billingInfo {"name":"projects/workapp-76f52/billingInfo","projectId":"workapp-76f52","billingAccountName":"","billingEnabled":false}
[debug] [2026-01-26T10:56:11.615Z] Checked if tokens are valid: true, expires at: 1769428569879
[debug] [2026-01-26T10:56:11.615Z] Checked if tokens are valid: true, expires at: 1769428569879
[debug] [2026-01-26T10:56:11.621Z] Checked if tokens are valid: true, expires at: 1769428569879
[debug] [2026-01-26T10:56:11.621Z] Checked if tokens are valid: true, expires at: 1769428569879
[debug] [2026-01-26T10:56:11.621Z] Checked if tokens are valid: true, expires at: 1769428569879
[debug] [2026-01-26T10:56:11.621Z] Checked if tokens are valid: true, expires at: 1769428569879
[debug] [2026-01-26T10:56:11.621Z] >>> [apiv2][query] GET https://serviceusage.googleapis.com/v1/projects/workapp-76f52/services/firebasedataconnect.googleapis.com [none]
[debug] [2026-01-26T10:56:11.621Z] >>> [apiv2][(partial)header] GET https://serviceusage.googleapis.com/v1/projects/workapp-76f52/services/firebasedataconnect.googleapis.com x-goog-quota-user=projects/workapp-76f52
[debug] [2026-01-26T10:56:11.622Z] >>> [apiv2][query] GET https://serviceusage.googleapis.com/v1/projects/workapp-76f52/services/firebaseapphosting.googleapis.com [none]
[debug] [2026-01-26T10:56:11.622Z] >>> [apiv2][(partial)header] GET https://serviceusage.googleapis.com/v1/projects/workapp-76f52/services/firebaseapphosting.googleapis.com x-goog-quota-user=projects/workapp-76f52
[debug] [2026-01-26T10:56:11.622Z] >>> [apiv2][query] GET https://serviceusage.googleapis.com/v1/projects/workapp-76f52/services/firebaseio.com [none]
[debug] [2026-01-26T10:56:11.622Z] >>> [apiv2][(partial)header] GET https://serviceusage.googleapis.com/v1/projects/workapp-76f52/services/firebaseio.com x-goog-quota-user=projects/workapp-76f52
[debug] [2026-01-26T10:56:11.802Z] <<< [apiv2][status] GET https://cloudbilling.googleapis.com/v1/projects/workapp-76f52/billingInfo 200
[debug] [2026-01-26T10:56:11.802Z] <<< [apiv2][body] GET https://cloudbilling.googleapis.com/v1/projects/workapp-76f52/billingInfo {"name":"projects/workapp-76f52/billingInfo","projectId":"workapp-76f52","billingAccountName":"","billingEnabled":false}
[debug] [2026-01-26T10:56:11.802Z] Checked if tokens are valid: true, expires at: 1769428569879
[debug] [2026-01-26T10:56:11.802Z] Checked if tokens are valid: true, expires at: 1769428569879
[debug] [2026-01-26T10:56:11.804Z] Checked if tokens are valid: true, expires at: 1769428569879
[debug] [2026-01-26T10:56:11.804Z] Checked if tokens are valid: true, expires at: 1769428569879
[debug] [2026-01-26T10:56:11.804Z] Checked if tokens are valid: true, expires at: 1769428569879
[debug] [2026-01-26T10:56:11.804Z] Checked if tokens are valid: true, expires at: 1769428569879
[debug] [2026-01-26T10:56:11.804Z] >>> [apiv2][query] GET https://serviceusage.googleapis.com/v1/projects/workapp-76f52/services/firebasedataconnect.googleapis.com [none]
[debug] [2026-01-26T10:56:11.804Z] >>> [apiv2][(partial)header] GET https://serviceusage.googleapis.com/v1/projects/workapp-76f52/services/firebasedataconnect.googleapis.com x-goog-quota-user=projects/workapp-76f52
[debug] [2026-01-26T10:56:11.804Z] >>> [apiv2][query] GET https://serviceusage.googleapis.com/v1/projects/workapp-76f52/services/firebaseapphosting.googleapis.com [none]
[debug] [2026-01-26T10:56:11.805Z] >>> [apiv2][(partial)header] GET https://serviceusage.googleapis.com/v1/projects/workapp-76f52/services/firebaseapphosting.googleapis.com x-goog-quota-user=projects/workapp-76f52
[debug] [2026-01-26T10:56:11.806Z] >>> [apiv2][query] GET https://serviceusage.googleapis.com/v1/projects/workapp-76f52/services/firebaseio.com [none]
[debug] [2026-01-26T10:56:11.806Z] >>> [apiv2][(partial)header] GET https://serviceusage.googleapis.com/v1/projects/workapp-76f52/services/firebaseio.com x-goog-quota-user=projects/workapp-76f52
[debug] [2026-01-26T10:56:12.420Z] <<< [apiv2][status] GET https://serviceusage.googleapis.com/v1/projects/workapp-76f52/services/firebaseio.com 403
[debug] [2026-01-26T10:56:12.420Z] <<< [apiv2][body] GET https://serviceusage.googleapis.com/v1/projects/workapp-76f52/services/firebaseio.com [omitted]
[debug] [2026-01-26T10:56:12.525Z] <<< [apiv2][status] GET https://serviceusage.googleapis.com/v1/projects/workapp-76f52/services/firebaseapphosting.googleapis.com 200
[debug] [2026-01-26T10:56:12.525Z] <<< [apiv2][body] GET https://serviceusage.googleapis.com/v1/projects/workapp-76f52/services/firebaseapphosting.googleapis.com [omitted]
[debug] [2026-01-26T10:56:12.532Z] <<< [apiv2][status] GET https://serviceusage.googleapis.com/v1/projects/workapp-76f52/services/firebasedataconnect.googleapis.com 200
[debug] [2026-01-26T10:56:12.532Z] <<< [apiv2][body] GET https://serviceusage.googleapis.com/v1/projects/workapp-76f52/services/firebasedataconnect.googleapis.com [omitted]
[debug] [2026-01-26T10:56:13.086Z] <<< [apiv2][status] GET https://serviceusage.googleapis.com/v1/projects/workapp-76f52/services/firebaseio.com 403
[debug] [2026-01-26T10:56:13.087Z] <<< [apiv2][body] GET https://serviceusage.googleapis.com/v1/projects/workapp-76f52/services/firebaseio.com [omitted]
[debug] [2026-01-26T10:56:13.297Z] <<< [apiv2][status] GET https://serviceusage.googleapis.com/v1/projects/workapp-76f52/services/firebaseapphosting.googleapis.com 200
[debug] [2026-01-26T10:56:13.297Z] <<< [apiv2][body] GET https://serviceusage.googleapis.com/v1/projects/workapp-76f52/services/firebaseapphosting.googleapis.com [omitted]
[debug] [2026-01-26T10:56:13.298Z] <<< [apiv2][status] GET https://serviceusage.googleapis.com/v1/projects/workapp-76f52/services/firebasedataconnect.googleapis.com 200
[debug] [2026-01-26T10:56:13.298Z] <<< [apiv2][body] GET https://serviceusage.googleapis.com/v1/projects/workapp-76f52/services/firebasedataconnect.googleapis.com [omitted]
[debug] [2026-01-26T10:56:13.300Z] > command requires scopes: ["email","openid","https://www.googleapis.com/auth/cloudplatformprojects.readonly","https://www.googleapis.com/auth/firebase","https://www.googleapis.com/auth/cloud-platform"]
[debug] [2026-01-26T10:56:13.300Z] > authorizing via signed-in user (coenhallie@gmail.com)
[debug] [2026-01-26T10:56:13.300Z] Checked if tokens are valid: true, expires at: 1769428569879
[debug] [2026-01-26T10:56:13.300Z] Checked if tokens are valid: true, expires at: 1769428569879
[debug] [2026-01-26T10:56:13.301Z] >>> [apiv2][query] GET https://cloudbilling.googleapis.com/v1/projects/workapp-76f52/billingInfo [none]
[debug] [2026-01-26T10:56:14.010Z] <<< [apiv2][status] GET https://cloudbilling.googleapis.com/v1/projects/workapp-76f52/billingInfo 200
[debug] [2026-01-26T10:56:14.010Z] <<< [apiv2][body] GET https://cloudbilling.googleapis.com/v1/projects/workapp-76f52/billingInfo {"name":"projects/workapp-76f52/billingInfo","projectId":"workapp-76f52","billingAccountName":"","billingEnabled":false}
[debug] [2026-01-26T10:56:14.011Z] > command requires scopes: ["email","openid","https://www.googleapis.com/auth/cloudplatformprojects.readonly","https://www.googleapis.com/auth/firebase","https://www.googleapis.com/auth/cloud-platform"]
[debug] [2026-01-26T10:56:14.011Z] > authorizing via signed-in user (coenhallie@gmail.com)
[debug] [2026-01-30T09:46:28.496Z] > command requires scopes: ["email","openid","https://www.googleapis.com/auth/cloudplatformprojects.readonly","https://www.googleapis.com/auth/firebase","https://www.googleapis.com/auth/cloud-platform"]
[debug] [2026-01-30T09:46:28.498Z] > authorizing via signed-in user (coenhallie@gmail.com)
[debug] [2026-01-30T09:46:28.499Z] Checked if tokens are valid: false, expires at: 1769432899867
[debug] [2026-01-30T09:46:28.499Z] Checked if tokens are valid: false, expires at: 1769432899867
[debug] [2026-01-30T09:46:28.499Z] > refreshing access token with scopes: []
[debug] [2026-01-30T09:46:28.500Z] >>> [apiv2][query] POST https://www.googleapis.com/oauth2/v3/token [none]
[debug] [2026-01-30T09:46:28.500Z] >>> [apiv2][body] POST https://www.googleapis.com/oauth2/v3/token [omitted]
[debug] [2026-01-30T09:46:28.513Z] > command requires scopes: ["email","openid","https://www.googleapis.com/auth/cloudplatformprojects.readonly","https://www.googleapis.com/auth/firebase","https://www.googleapis.com/auth/cloud-platform"]
[debug] [2026-01-30T09:46:28.513Z] > authorizing via signed-in user (coenhallie@gmail.com)
[debug] [2026-01-30T09:46:28.513Z] Checked if tokens are valid: false, expires at: 1769432899867
[debug] [2026-01-30T09:46:28.513Z] Checked if tokens are valid: false, expires at: 1769432899867
[debug] [2026-01-30T09:46:28.513Z] > refreshing access token with scopes: []
[debug] [2026-01-30T09:46:28.513Z] >>> [apiv2][query] POST https://www.googleapis.com/oauth2/v3/token [none]
[debug] [2026-01-30T09:46:28.513Z] >>> [apiv2][body] POST https://www.googleapis.com/oauth2/v3/token [omitted]
[debug] [2026-01-30T09:46:28.738Z] <<< [apiv2][status] POST https://www.googleapis.com/oauth2/v3/token 200
[debug] [2026-01-30T09:46:28.738Z] <<< [apiv2][body] POST https://www.googleapis.com/oauth2/v3/token [omitted]
[debug] [2026-01-30T09:46:28.755Z] >>> [apiv2][query] GET https://cloudbilling.googleapis.com/v1/projects/workapp-76f52/billingInfo [none]
[debug] [2026-01-30T09:46:28.786Z] <<< [apiv2][status] POST https://www.googleapis.com/oauth2/v3/token 200
[debug] [2026-01-30T09:46:28.786Z] <<< [apiv2][body] POST https://www.googleapis.com/oauth2/v3/token [omitted]
[debug] [2026-01-30T09:46:28.800Z] >>> [apiv2][query] GET https://cloudbilling.googleapis.com/v1/projects/workapp-76f52/billingInfo [none]
[debug] [2026-01-30T09:46:29.598Z] <<< [apiv2][status] GET https://cloudbilling.googleapis.com/v1/projects/workapp-76f52/billingInfo 200
[debug] [2026-01-30T09:46:29.599Z] <<< [apiv2][body] GET https://cloudbilling.googleapis.com/v1/projects/workapp-76f52/billingInfo {"name":"projects/workapp-76f52/billingInfo","projectId":"workapp-76f52","billingAccountName":"","billingEnabled":false}
[debug] [2026-01-30T09:46:29.601Z] Checked if tokens are valid: true, expires at: 1769769987787
[debug] [2026-01-30T09:46:29.601Z] Checked if tokens are valid: true, expires at: 1769769987787
[debug] [2026-01-30T09:46:29.605Z] Checked if tokens are valid: true, expires at: 1769769987787
[debug] [2026-01-30T09:46:29.605Z] Checked if tokens are valid: true, expires at: 1769769987787
[debug] [2026-01-30T09:46:29.606Z] Checked if tokens are valid: true, expires at: 1769769987787
[debug] [2026-01-30T09:46:29.606Z] Checked if tokens are valid: true, expires at: 1769769987787
[debug] [2026-01-30T09:46:29.606Z] >>> [apiv2][query] GET https://serviceusage.googleapis.com/v1/projects/workapp-76f52/services/firebasedataconnect.googleapis.com [none]
[debug] [2026-01-30T09:46:29.606Z] >>> [apiv2][(partial)header] GET https://serviceusage.googleapis.com/v1/projects/workapp-76f52/services/firebasedataconnect.googleapis.com  x-goog-user-project=workapp-76f52
[debug] [2026-01-30T09:46:29.606Z] >>> [apiv2][query] GET https://serviceusage.googleapis.com/v1/projects/workapp-76f52/services/firebaseapphosting.googleapis.com [none]
[debug] [2026-01-30T09:46:29.606Z] >>> [apiv2][(partial)header] GET https://serviceusage.googleapis.com/v1/projects/workapp-76f52/services/firebaseapphosting.googleapis.com  x-goog-user-project=workapp-76f52
[debug] [2026-01-30T09:46:29.607Z] >>> [apiv2][query] GET https://serviceusage.googleapis.com/v1/projects/workapp-76f52/services/firebaseio.com [none]
[debug] [2026-01-30T09:46:29.607Z] >>> [apiv2][(partial)header] GET https://serviceusage.googleapis.com/v1/projects/workapp-76f52/services/firebaseio.com  x-goog-user-project=workapp-76f52
[debug] [2026-01-30T09:46:30.139Z] <<< [apiv2][status] GET https://serviceusage.googleapis.com/v1/projects/workapp-76f52/services/firebasedataconnect.googleapis.com 200
[debug] [2026-01-30T09:46:30.139Z] <<< [apiv2][body] GET https://serviceusage.googleapis.com/v1/projects/workapp-76f52/services/firebasedataconnect.googleapis.com [omitted]
[debug] [2026-01-30T09:46:30.504Z] <<< [apiv2][status] GET https://serviceusage.googleapis.com/v1/projects/workapp-76f52/services/firebaseio.com 403
[debug] [2026-01-30T09:46:30.504Z] <<< [apiv2][body] GET https://serviceusage.googleapis.com/v1/projects/workapp-76f52/services/firebaseio.com [omitted]
[debug] [2026-01-30T09:46:30.506Z] <<< [apiv2][status] GET https://cloudbilling.googleapis.com/v1/projects/workapp-76f52/billingInfo 200
[debug] [2026-01-30T09:46:30.506Z] <<< [apiv2][body] GET https://cloudbilling.googleapis.com/v1/projects/workapp-76f52/billingInfo {"name":"projects/workapp-76f52/billingInfo","projectId":"workapp-76f52","billingAccountName":"","billingEnabled":false}
[debug] [2026-01-30T09:46:30.507Z] Checked if tokens are valid: true, expires at: 1769769987787
[debug] [2026-01-30T09:46:30.507Z] Checked if tokens are valid: true, expires at: 1769769987787
[debug] [2026-01-30T09:46:30.507Z] >>> [apiv2][query] GET https://serviceusage.googleapis.com/v1/projects/workapp-76f52/services/firebaseapphosting.googleapis.com [none]
[debug] [2026-01-30T09:46:30.507Z] >>> [apiv2][(partial)header] GET https://serviceusage.googleapis.com/v1/projects/workapp-76f52/services/firebaseapphosting.googleapis.com  x-goog-user-project=workapp-76f52
[debug] [2026-01-30T09:46:30.715Z] <<< [apiv2][status] GET https://serviceusage.googleapis.com/v1/projects/workapp-76f52/services/firebaseapphosting.googleapis.com 200
[debug] [2026-01-30T09:46:30.715Z] <<< [apiv2][body] GET https://serviceusage.googleapis.com/v1/projects/workapp-76f52/services/firebaseapphosting.googleapis.com [omitted]
[debug] [2026-01-30T09:46:31.454Z] <<< [apiv2][status] GET https://serviceusage.googleapis.com/v1/projects/workapp-76f52/services/firebaseapphosting.googleapis.com 200
[debug] [2026-01-30T09:46:31.454Z] <<< [apiv2][body] GET https://serviceusage.googleapis.com/v1/projects/workapp-76f52/services/firebaseapphosting.googleapis.com [omitted]
[debug] [2026-01-30T09:46:31.455Z] > command requires scopes: ["email","openid","https://www.googleapis.com/auth/cloudplatformprojects.readonly","https://www.googleapis.com/auth/firebase","https://www.googleapis.com/auth/cloud-platform"]
[debug] [2026-01-30T09:46:31.455Z] > authorizing via signed-in user (coenhallie@gmail.com)
[debug] [2026-01-30T09:46:31.455Z] Checked if tokens are valid: true, expires at: 1769769987787
[debug] [2026-01-30T09:46:31.455Z] Checked if tokens are valid: true, expires at: 1769769987787
[debug] [2026-01-30T09:46:31.455Z] >>> [apiv2][query] GET https://cloudbilling.googleapis.com/v1/projects/workapp-76f52/billingInfo [none]
[debug] [2026-01-30T09:46:32.120Z] <<< [apiv2][status] GET https://cloudbilling.googleapis.com/v1/projects/workapp-76f52/billingInfo 200
[debug] [2026-01-30T09:46:32.120Z] <<< [apiv2][body] GET https://cloudbilling.googleapis.com/v1/projects/workapp-76f52/billingInfo {"name":"projects/workapp-76f52/billingInfo","projectId":"workapp-76f52","billingAccountName":"","billingEnabled":false}
[debug] [2026-01-30T09:46:32.121Z] > command requires scopes: ["email","openid","https://www.googleapis.com/auth/cloudplatformprojects.readonly","https://www.googleapis.com/auth/firebase","https://www.googleapis.com/auth/cloud-platform"]
[debug] [2026-01-30T09:46:32.121Z] > authorizing via signed-in user (coenhallie@gmail.com)
[debug] [2026-01-31T00:25:10.389Z] > command requires scopes: ["email","openid","https://www.googleapis.com/auth/cloudplatformprojects.readonly","https://www.googleapis.com/auth/firebase","https://www.googleapis.com/auth/cloud-platform"]
[debug] [2026-01-31T00:25:10.391Z] > authorizing via signed-in user (coenhallie@gmail.com)
[debug] [2026-01-31T00:25:10.391Z] Checked if tokens are valid: false, expires at: 1769769987787
[debug] [2026-01-31T00:25:10.392Z] Checked if tokens are valid: false, expires at: 1769769987787
[debug] [2026-01-31T00:25:10.392Z] > refreshing access token with scopes: []
[debug] [2026-01-31T00:25:10.392Z] >>> [apiv2][query] POST https://www.googleapis.com/oauth2/v3/token [none]
[debug] [2026-01-31T00:25:10.392Z] >>> [apiv2][body] POST https://www.googleapis.com/oauth2/v3/token [omitted]
[debug] [2026-01-31T00:25:10.404Z] > command requires scopes: ["email","openid","https://www.googleapis.com/auth/cloudplatformprojects.readonly","https://www.googleapis.com/auth/firebase","https://www.googleapis.com/auth/cloud-platform"]
[debug] [2026-01-31T00:25:10.404Z] > authorizing via signed-in user (coenhallie@gmail.com)
[debug] [2026-01-31T00:25:10.404Z] Checked if tokens are valid: false, expires at: 1769769987787
[debug] [2026-01-31T00:25:10.404Z] Checked if tokens are valid: false, expires at: 1769769987787
[debug] [2026-01-31T00:25:10.404Z] > refreshing access token with scopes: []
[debug] [2026-01-31T00:25:10.405Z] >>> [apiv2][query] POST https://www.googleapis.com/oauth2/v3/token [none]
[debug] [2026-01-31T00:25:10.405Z] >>> [apiv2][body] POST https://www.googleapis.com/oauth2/v3/token [omitted]
[debug] [2026-01-31T00:25:10.482Z] <<< [apiv2][status] POST https://www.googleapis.com/oauth2/v3/token 200
[debug] [2026-01-31T00:25:10.482Z] <<< [apiv2][body] POST https://www.googleapis.com/oauth2/v3/token [omitted]
[debug] [2026-01-31T00:25:10.492Z] >>> [apiv2][query] GET https://cloudbilling.googleapis.com/v1/projects/workapp-76f52/billingInfo [none]
[debug] [2026-01-31T00:25:10.493Z] <<< [apiv2][status] POST https://www.googleapis.com/oauth2/v3/token 200
[debug] [2026-01-31T00:25:10.493Z] <<< [apiv2][body] POST https://www.googleapis.com/oauth2/v3/token [omitted]
[debug] [2026-01-31T00:25:10.503Z] >>> [apiv2][query] GET https://cloudbilling.googleapis.com/v1/projects/workapp-76f52/billingInfo [none]
[debug] [2026-01-31T00:25:10.720Z] <<< [apiv2][status] GET https://cloudbilling.googleapis.com/v1/projects/workapp-76f52/billingInfo 200
[debug] [2026-01-31T00:25:10.721Z] <<< [apiv2][body] GET https://cloudbilling.googleapis.com/v1/projects/workapp-76f52/billingInfo {"name":"projects/workapp-76f52/billingInfo","projectId":"workapp-76f52","billingAccountName":"","billingEnabled":false}
[debug] [2026-01-31T00:25:10.727Z] Checked if tokens are valid: true, expires at: 1769822709493
[debug] [2026-01-31T00:25:10.727Z] Checked if tokens are valid: true, expires at: 1769822709493
[debug] [2026-01-31T00:25:10.735Z] Checked if tokens are valid: true, expires at: 1769822709493
[debug] [2026-01-31T00:25:10.735Z] Checked if tokens are valid: true, expires at: 1769822709493
[debug] [2026-01-31T00:25:10.736Z] Checked if tokens are valid: true, expires at: 1769822709493
[debug] [2026-01-31T00:25:10.736Z] Checked if tokens are valid: true, expires at: 1769822709493
[debug] [2026-01-31T00:25:10.736Z] >>> [apiv2][query] GET https://serviceusage.googleapis.com/v1/projects/workapp-76f52/services/firebasedataconnect.googleapis.com [none]
[debug] [2026-01-31T00:25:10.736Z] >>> [apiv2][(partial)header] GET https://serviceusage.googleapis.com/v1/projects/workapp-76f52/services/firebasedataconnect.googleapis.com  x-goog-user-project=workapp-76f52
[debug] [2026-01-31T00:25:10.737Z] >>> [apiv2][query] GET https://serviceusage.googleapis.com/v1/projects/workapp-76f52/services/firebaseapphosting.googleapis.com [none]
[debug] [2026-01-31T00:25:10.737Z] >>> [apiv2][(partial)header] GET https://serviceusage.googleapis.com/v1/projects/workapp-76f52/services/firebaseapphosting.googleapis.com  x-goog-user-project=workapp-76f52
[debug] [2026-01-31T00:25:10.738Z] >>> [apiv2][query] GET https://serviceusage.googleapis.com/v1/projects/workapp-76f52/services/firebaseio.com [none]
[debug] [2026-01-31T00:25:10.738Z] >>> [apiv2][(partial)header] GET https://serviceusage.googleapis.com/v1/projects/workapp-76f52/services/firebaseio.com  x-goog-user-project=workapp-76f52
[debug] [2026-01-31T00:25:11.161Z] <<< [apiv2][status] GET https://cloudbilling.googleapis.com/v1/projects/workapp-76f52/billingInfo 200
[debug] [2026-01-31T00:25:11.161Z] <<< [apiv2][body] GET https://cloudbilling.googleapis.com/v1/projects/workapp-76f52/billingInfo {"name":"projects/workapp-76f52/billingInfo","projectId":"workapp-76f52","billingAccountName":"","billingEnabled":false}
[debug] [2026-01-31T00:25:11.162Z] Checked if tokens are valid: true, expires at: 1769822709493
[debug] [2026-01-31T00:25:11.163Z] Checked if tokens are valid: true, expires at: 1769822709493
[debug] [2026-01-31T00:25:11.167Z] Checked if tokens are valid: true, expires at: 1769822709493
[debug] [2026-01-31T00:25:11.167Z] Checked if tokens are valid: true, expires at: 1769822709493
[debug] [2026-01-31T00:25:11.167Z] Checked if tokens are valid: true, expires at: 1769822709493
[debug] [2026-01-31T00:25:11.167Z] Checked if tokens are valid: true, expires at: 1769822709493
[debug] [2026-01-31T00:25:11.167Z] >>> [apiv2][query] GET https://serviceusage.googleapis.com/v1/projects/workapp-76f52/services/firebasedataconnect.googleapis.com [none]
[debug] [2026-01-31T00:25:11.167Z] >>> [apiv2][(partial)header] GET https://serviceusage.googleapis.com/v1/projects/workapp-76f52/services/firebasedataconnect.googleapis.com  x-goog-user-project=workapp-76f52
[debug] [2026-01-31T00:25:11.168Z] >>> [apiv2][query] GET https://serviceusage.googleapis.com/v1/projects/workapp-76f52/services/firebaseapphosting.googleapis.com [none]
[debug] [2026-01-31T00:25:11.169Z] >>> [apiv2][(partial)header] GET https://serviceusage.googleapis.com/v1/projects/workapp-76f52/services/firebaseapphosting.googleapis.com  x-goog-user-project=workapp-76f52
[debug] [2026-01-31T00:25:11.171Z] >>> [apiv2][query] GET https://serviceusage.googleapis.com/v1/projects/workapp-76f52/services/firebaseio.com [none]
[debug] [2026-01-31T00:25:11.171Z] >>> [apiv2][(partial)header] GET https://serviceusage.googleapis.com/v1/projects/workapp-76f52/services/firebaseio.com  x-goog-user-project=workapp-76f52
[debug] [2026-01-31T00:25:11.453Z] <<< [apiv2][status] GET https://serviceusage.googleapis.com/v1/projects/workapp-76f52/services/firebaseio.com 403
[debug] [2026-01-31T00:25:11.453Z] <<< [apiv2][body] GET https://serviceusage.googleapis.com/v1/projects/workapp-76f52/services/firebaseio.com [omitted]
[debug] [2026-01-31T00:25:11.550Z] <<< [apiv2][status] GET https://serviceusage.googleapis.com/v1/projects/workapp-76f52/services/firebaseapphosting.googleapis.com 200
[debug] [2026-01-31T00:25:11.550Z] <<< [apiv2][body] GET https://serviceusage.googleapis.com/v1/projects/workapp-76f52/services/firebaseapphosting.googleapis.com [omitted]
[debug] [2026-01-31T00:25:11.552Z] <<< [apiv2][status] GET https://serviceusage.googleapis.com/v1/projects/workapp-76f52/services/firebasedataconnect.googleapis.com 200
[debug] [2026-01-31T00:25:11.552Z] <<< [apiv2][body] GET https://serviceusage.googleapis.com/v1/projects/workapp-76f52/services/firebasedataconnect.googleapis.com [omitted]
[debug] [2026-01-31T00:25:11.555Z] > command requires scopes: ["email","openid","https://www.googleapis.com/auth/cloudplatformprojects.readonly","https://www.googleapis.com/auth/firebase","https://www.googleapis.com/auth/cloud-platform"]
[debug] [2026-01-31T00:25:11.555Z] > authorizing via signed-in user (coenhallie@gmail.com)
[debug] [2026-01-31T00:25:11.555Z] Checked if tokens are valid: true, expires at: 1769822709493
[debug] [2026-01-31T00:25:11.555Z] Checked if tokens are valid: true, expires at: 1769822709493
[debug] [2026-01-31T00:25:11.555Z] >>> [apiv2][query] GET https://cloudbilling.googleapis.com/v1/projects/workapp-76f52/billingInfo [none]
[debug] [2026-01-31T00:25:11.743Z] <<< [apiv2][status] GET https://cloudbilling.googleapis.com/v1/projects/workapp-76f52/billingInfo 200
[debug] [2026-01-31T00:25:11.743Z] <<< [apiv2][body] GET https://cloudbilling.googleapis.com/v1/projects/workapp-76f52/billingInfo {"name":"projects/workapp-76f52/billingInfo","projectId":"workapp-76f52","billingAccountName":"","billingEnabled":false}
[debug] [2026-01-31T00:25:11.746Z] > command requires scopes: ["email","openid","https://www.googleapis.com/auth/cloudplatformprojects.readonly","https://www.googleapis.com/auth/firebase","https://www.googleapis.com/auth/cloud-platform"]
[debug] [2026-01-31T00:25:11.746Z] > authorizing via signed-in user (coenhallie@gmail.com)
[debug] [2026-01-31T00:25:12.101Z] <<< [apiv2][status] GET https://serviceusage.googleapis.com/v1/projects/workapp-76f52/services/firebaseio.com 403
[debug] [2026-01-31T00:25:12.101Z] <<< [apiv2][body] GET https://serviceusage.googleapis.com/v1/projects/workapp-76f52/services/firebaseio.com [omitted]
[debug] [2026-01-31T00:25:12.292Z] <<< [apiv2][status] GET https://serviceusage.googleapis.com/v1/projects/workapp-76f52/services/firebaseapphosting.googleapis.com 200
[debug] [2026-01-31T00:25:12.292Z] <<< [apiv2][body] GET https://serviceusage.googleapis.com/v1/projects/workapp-76f52/services/firebaseapphosting.googleapis.com [omitted]
[debug] [2026-01-31T00:25:12.293Z] <<< [apiv2][status] GET https://serviceusage.googleapis.com/v1/projects/workapp-76f52/services/firebasedataconnect.googleapis.com 200
[debug] [2026-01-31T00:25:12.293Z] <<< [apiv2][body] GET https://serviceusage.googleapis.com/v1/projects/workapp-76f52/services/firebasedataconnect.googleapis.com [omitted]
[debug] [2026-01-31T09:53:53.957Z] > command requires scopes: ["email","openid","https://www.googleapis.com/auth/cloudplatformprojects.readonly","https://www.googleapis.com/auth/firebase","https://www.googleapis.com/auth/cloud-platform"]
[debug] [2026-01-31T09:53:53.959Z] > authorizing via signed-in user (coenhallie@gmail.com)
[debug] [2026-01-31T09:53:53.959Z] Checked if tokens are valid: false, expires at: 1769822709493
[debug] [2026-01-31T09:53:53.959Z] Checked if tokens are valid: false, expires at: 1769822709493
[debug] [2026-01-31T09:53:53.960Z] > refreshing access token with scopes: []
[debug] [2026-01-31T09:53:53.963Z] >>> [apiv2][query] POST https://www.googleapis.com/oauth2/v3/token [none]
[debug] [2026-01-31T09:53:53.963Z] >>> [apiv2][body] POST https://www.googleapis.com/oauth2/v3/token [omitted]
[debug] [2026-01-31T09:53:53.971Z] > command requires scopes: ["email","openid","https://www.googleapis.com/auth/cloudplatformprojects.readonly","https://www.googleapis.com/auth/firebase","https://www.googleapis.com/auth/cloud-platform"]
[debug] [2026-01-31T09:53:53.971Z] > authorizing via signed-in user (coenhallie@gmail.com)
[debug] [2026-01-31T09:53:53.971Z] Checked if tokens are valid: false, expires at: 1769822709493
[debug] [2026-01-31T09:53:53.971Z] Checked if tokens are valid: false, expires at: 1769822709493
[debug] [2026-01-31T09:53:53.971Z] > refreshing access token with scopes: []
[debug] [2026-01-31T09:53:53.972Z] >>> [apiv2][query] POST https://www.googleapis.com/oauth2/v3/token [none]
[debug] [2026-01-31T09:53:53.972Z] >>> [apiv2][body] POST https://www.googleapis.com/oauth2/v3/token [omitted]
[debug] [2026-01-31T09:53:54.046Z] <<< [apiv2][status] POST https://www.googleapis.com/oauth2/v3/token 200
[debug] [2026-01-31T09:53:54.046Z] <<< [apiv2][body] POST https://www.googleapis.com/oauth2/v3/token [omitted]
[debug] [2026-01-31T09:53:54.059Z] >>> [apiv2][query] GET https://cloudbilling.googleapis.com/v1/projects/workapp-76f52/billingInfo [none]
[debug] [2026-01-31T09:53:54.060Z] <<< [apiv2][status] POST https://www.googleapis.com/oauth2/v3/token 200
[debug] [2026-01-31T09:53:54.061Z] <<< [apiv2][body] POST https://www.googleapis.com/oauth2/v3/token [omitted]
[debug] [2026-01-31T09:53:54.071Z] >>> [apiv2][query] GET https://cloudbilling.googleapis.com/v1/projects/workapp-76f52/billingInfo [none]
[debug] [2026-01-31T09:53:54.741Z] <<< [apiv2][status] GET https://cloudbilling.googleapis.com/v1/projects/workapp-76f52/billingInfo 200
[debug] [2026-01-31T09:53:54.741Z] <<< [apiv2][body] GET https://cloudbilling.googleapis.com/v1/projects/workapp-76f52/billingInfo {"name":"projects/workapp-76f52/billingInfo","projectId":"workapp-76f52","billingAccountName":"","billingEnabled":false}
[debug] [2026-01-31T09:53:54.746Z] Checked if tokens are valid: true, expires at: 1769856833061
[debug] [2026-01-31T09:53:54.746Z] Checked if tokens are valid: true, expires at: 1769856833061
[debug] [2026-01-31T09:53:54.752Z] Checked if tokens are valid: true, expires at: 1769856833061
[debug] [2026-01-31T09:53:54.752Z] Checked if tokens are valid: true, expires at: 1769856833061
[debug] [2026-01-31T09:53:54.752Z] Checked if tokens are valid: true, expires at: 1769856833061
[debug] [2026-01-31T09:53:54.753Z] Checked if tokens are valid: true, expires at: 1769856833061
[debug] [2026-01-31T09:53:54.753Z] >>> [apiv2][query] GET https://serviceusage.googleapis.com/v1/projects/workapp-76f52/services/firebasedataconnect.googleapis.com [none]
[debug] [2026-01-31T09:53:54.753Z] >>> [apiv2][(partial)header] GET https://serviceusage.googleapis.com/v1/projects/workapp-76f52/services/firebasedataconnect.googleapis.com  x-goog-user-project=workapp-76f52
[debug] [2026-01-31T09:53:54.753Z] >>> [apiv2][query] GET https://serviceusage.googleapis.com/v1/projects/workapp-76f52/services/firebaseapphosting.googleapis.com [none]
[debug] [2026-01-31T09:53:54.753Z] >>> [apiv2][(partial)header] GET https://serviceusage.googleapis.com/v1/projects/workapp-76f52/services/firebaseapphosting.googleapis.com  x-goog-user-project=workapp-76f52
[debug] [2026-01-31T09:53:54.754Z] >>> [apiv2][query] GET https://serviceusage.googleapis.com/v1/projects/workapp-76f52/services/firebaseio.com [none]
[debug] [2026-01-31T09:53:54.754Z] >>> [apiv2][(partial)header] GET https://serviceusage.googleapis.com/v1/projects/workapp-76f52/services/firebaseio.com  x-goog-user-project=workapp-76f52
[debug] [2026-01-31T09:53:54.914Z] <<< [apiv2][status] GET https://cloudbilling.googleapis.com/v1/projects/workapp-76f52/billingInfo 200
[debug] [2026-01-31T09:53:54.914Z] <<< [apiv2][body] GET https://cloudbilling.googleapis.com/v1/projects/workapp-76f52/billingInfo {"name":"projects/workapp-76f52/billingInfo","projectId":"workapp-76f52","billingAccountName":"","billingEnabled":false}
[debug] [2026-01-31T09:53:54.915Z] Checked if tokens are valid: true, expires at: 1769856833061
[debug] [2026-01-31T09:53:54.915Z] Checked if tokens are valid: true, expires at: 1769856833061
[debug] [2026-01-31T09:53:54.916Z] Checked if tokens are valid: true, expires at: 1769856833061
[debug] [2026-01-31T09:53:54.916Z] Checked if tokens are valid: true, expires at: 1769856833061
[debug] [2026-01-31T09:53:54.916Z] Checked if tokens are valid: true, expires at: 1769856833061
[debug] [2026-01-31T09:53:54.916Z] Checked if tokens are valid: true, expires at: 1769856833061
[debug] [2026-01-31T09:53:54.916Z] >>> [apiv2][query] GET https://serviceusage.googleapis.com/v1/projects/workapp-76f52/services/firebasedataconnect.googleapis.com [none]
[debug] [2026-01-31T09:53:54.916Z] >>> [apiv2][(partial)header] GET https://serviceusage.googleapis.com/v1/projects/workapp-76f52/services/firebasedataconnect.googleapis.com  x-goog-user-project=workapp-76f52
[debug] [2026-01-31T09:53:54.917Z] >>> [apiv2][query] GET https://serviceusage.googleapis.com/v1/projects/workapp-76f52/services/firebaseapphosting.googleapis.com [none]
[debug] [2026-01-31T09:53:54.917Z] >>> [apiv2][(partial)header] GET https://serviceusage.googleapis.com/v1/projects/workapp-76f52/services/firebaseapphosting.googleapis.com  x-goog-user-project=workapp-76f52
[debug] [2026-01-31T09:53:54.918Z] >>> [apiv2][query] GET https://serviceusage.googleapis.com/v1/projects/workapp-76f52/services/firebaseio.com [none]
[debug] [2026-01-31T09:53:54.918Z] >>> [apiv2][(partial)header] GET https://serviceusage.googleapis.com/v1/projects/workapp-76f52/services/firebaseio.com  x-goog-user-project=workapp-76f52
[debug] [2026-01-31T09:53:55.492Z] <<< [apiv2][status] GET https://serviceusage.googleapis.com/v1/projects/workapp-76f52/services/firebaseio.com 403
[debug] [2026-01-31T09:53:55.492Z] <<< [apiv2][body] GET https://serviceusage.googleapis.com/v1/projects/workapp-76f52/services/firebaseio.com [omitted]
[debug] [2026-01-31T09:53:55.594Z] <<< [apiv2][status] GET https://serviceusage.googleapis.com/v1/projects/workapp-76f52/services/firebaseapphosting.googleapis.com 200
[debug] [2026-01-31T09:53:55.594Z] <<< [apiv2][body] GET https://serviceusage.googleapis.com/v1/projects/workapp-76f52/services/firebaseapphosting.googleapis.com [omitted]
[debug] [2026-01-31T09:53:55.595Z] <<< [apiv2][status] GET https://serviceusage.googleapis.com/v1/projects/workapp-76f52/services/firebasedataconnect.googleapis.com 200
[debug] [2026-01-31T09:53:55.595Z] <<< [apiv2][body] GET https://serviceusage.googleapis.com/v1/projects/workapp-76f52/services/firebasedataconnect.googleapis.com [omitted]
[debug] [2026-01-31T09:53:55.599Z] > command requires scopes: ["email","openid","https://www.googleapis.com/auth/cloudplatformprojects.readonly","https://www.googleapis.com/auth/firebase","https://www.googleapis.com/auth/cloud-platform"]
[debug] [2026-01-31T09:53:55.599Z] > authorizing via signed-in user (coenhallie@gmail.com)
[debug] [2026-01-31T09:53:55.599Z] Checked if tokens are valid: true, expires at: 1769856833061
[debug] [2026-01-31T09:53:55.599Z] Checked if tokens are valid: true, expires at: 1769856833061
[debug] [2026-01-31T09:53:55.599Z] >>> [apiv2][query] GET https://cloudbilling.googleapis.com/v1/projects/workapp-76f52/billingInfo [none]
[debug] [2026-01-31T09:53:55.664Z] <<< [apiv2][status] GET https://serviceusage.googleapis.com/v1/projects/workapp-76f52/services/firebaseio.com 403
[debug] [2026-01-31T09:53:55.665Z] <<< [apiv2][body] GET https://serviceusage.googleapis.com/v1/projects/workapp-76f52/services/firebaseio.com [omitted]
[debug] [2026-01-31T09:53:55.749Z] <<< [apiv2][status] GET https://serviceusage.googleapis.com/v1/projects/workapp-76f52/services/firebaseapphosting.googleapis.com 200
[debug] [2026-01-31T09:53:55.749Z] <<< [apiv2][body] GET https://serviceusage.googleapis.com/v1/projects/workapp-76f52/services/firebaseapphosting.googleapis.com [omitted]
[debug] [2026-01-31T09:53:55.750Z] <<< [apiv2][status] GET https://serviceusage.googleapis.com/v1/projects/workapp-76f52/services/firebasedataconnect.googleapis.com 200
[debug] [2026-01-31T09:53:55.750Z] <<< [apiv2][body] GET https://serviceusage.googleapis.com/v1/projects/workapp-76f52/services/firebasedataconnect.googleapis.com [omitted]
[debug] [2026-01-31T09:53:56.260Z] <<< [apiv2][status] GET https://cloudbilling.googleapis.com/v1/projects/workapp-76f52/billingInfo 200
[debug] [2026-01-31T09:53:56.261Z] <<< [apiv2][body] GET https://cloudbilling.googleapis.com/v1/projects/workapp-76f52/billingInfo {"name":"projects/workapp-76f52/billingInfo","projectId":"workapp-76f52","billingAccountName":"","billingEnabled":false}
[debug] [2026-01-31T09:53:56.263Z] > command requires scopes: ["email","openid","https://www.googleapis.com/auth/cloudplatformprojects.readonly","https://www.googleapis.com/auth/firebase","https://www.googleapis.com/auth/cloud-platform"]
[debug] [2026-01-31T09:53:56.264Z] > authorizing via signed-in user (coenhallie@gmail.com)
